[client][INFO]: send data:	b'\x01\xfd\x0c\x00\x01\x00\x0b\x00[\x00\x00\x00'
[client][INFO]: send data:	b'\x01\xfd\x0c\x00\xff\xff\t\x00\\\x00\x00\x00'
[client][INFO]: send data:	b'\x01\xfd\x0c\x00\x01\x00\x0b\x00[\x00\x00\x00'
[client][INFO]: send data:	b'\x01\xfd\x0c\x00\xff\xff\t\x00\\\x00\x00\x00'
[client][INFO]: send data:	b'\x01\xfd\x0c\x00\x01\x00\x0b\x00[\x00\x00\x00'
[client][INFO]: send data:	b'\x01\xfd\x0c\x00\xff\xff\t\x00\\\x00\x00\x00'
[client][INFO]: send data:	b'\x01\xfd\x0c\x00\x01\x00\x0b\x00[\x00\x00\x00'
[client][INFO]: send data:	b'\x01\xfd\x0c\x00\xff\xff\t\x00\\\x00\x00\x00'
[client][INFO]: recv head:	b'\x00\xfe\x0c\x00\xff\x7f\t\x80'
[client][INFO]: recv data len: 4
[client][INFO]: recv head:	b'\x00\xfe\x0c\x00\xff\x7f\t\x80'
[client][INFO]: recv data len: 4
[client][INFO]: recv head:	b'\x00\xfe\x0c\x00\xff\x7f\t\x80'
[client][INFO]: recv data len: 4
[client][INFO]: send data:	b'X\xfd\x0c\x00\x01\x00b\x00[\x00\x00\x00'
[client][INFO]: send data:	b'X\xfd\x0c\x00\xff\xff`\x00\\\x00\x00\x00'
[client][INFO]: recv head:	b'\x00\xfe\x0c\x00\xff\x7f\t\x80'
[client][INFO]: recv data len: 4
[client][INFO]: send data:	b'+\xfd\x0c\x00\x01\x005\x00[\x00\x00\x00'
[client][INFO]: send data:	b'+\xfd\x0c\x00\xff\xff3\x00\\\x00\x00\x00'
[client][INFO]: recv head:	b'\x00\xfe\x0c\x00\xff\x7f\t\x80'
[client][INFO]: recv data len: 4
[client][INFO]: send data:	b'\x01\xfd\x0c\x00\x01\x00\x0b\x00[\x00\x00\x00'
[client][INFO]: send data:	b'\x01\xfd\x0c\x00\xff\xff\t\x00\\\x00\x00\x00'
[client][INFO]: recv head:	b'\x00\xfe\x0c\x00\xff\x7f\t\x80'
[client][INFO]: recv data len: 4
[client][INFO]: send data:	b'\x02\xfd\x0c\x00\x01\x00\x0c\x00[\x00\x00\x00'
[client][INFO]: send data:	b'\x02\xfd\x0c\x00\xff\xff\n\x00\\\x00\x00\x00'
